Copyright (c) 1991-1994 by NeoCAD Inc. All rights reserved.
Copyright (c) 1995 AT&T Corp.   All rights reserved.
Copyright (c) 1995-2001 Lucent Technologies Inc.  All rights reserved.
Copyright (c) 2001 Agere Systems   All rights reserved.
Copyright (c) 2002-2015 Lattice Semiconductor Corporation,  All rights reserved.
Wed Mar 22 14:51:31 2023


Command Line:  C:\lscc\iCEcube2.2020.12\LSE\bin\nt\synthesis.exe -f proyecto_e2_lse.prj 

Synthesis options:
The -a option is SBTiCE40.
The -t option is TQ144.
The -d option is iCE40HX4K.
                                                          

##########################################################

### Lattice Family : SBTiCE40

### Device  : iCE40HX4K

### Package : TQ144

### Number of Logic Cells: 3520

### Number of RAM4k Blocks: 20

### Number of DSP Blocks: 0

### Number of PLLs: 2

### Number of IO Pins: 95

##########################################################

                                                          

Optimization goal = Area
The -top option is not used.
Target frequency = 1.000000 MHz.
Maximum fanout = 10000.
Timing path count = 3
RWCheckOnRam = 0

BRAM utilization = 100.000000 %
DSP usage = true (default)
DSP utilization = 100 % (default)
fsm_encoding_style = auto
resolve_mixed_drivers = 0
fix_gated_clocks = 1

Mux style = auto (Default)
Use Carry Chain = true
carry_chain_length = 0
Loop Limit = 1950.
Use IO Insertion = TRUE
Use IO Reg = AUTO

Resource Sharing = TRUE
Propagate Constants = TRUE
Remove Duplicate Registers = TRUE
Output EDIF file name = proyecto_e2_Implmnt/proyecto_e2.edf.
WARNING - synthesis: Option -force_gsr will be set to false when option -output_edif/-ngo are set
ROM style = auto
RAM style = auto
The -comp option is FALSE.
The -syn option is FALSE.
-p C:/Users/Labtel/Documents/eii/Avila Jesus/proyecto_e2/proyecto_e2 (searchpath added)
Mixed language design
WARNING - synthesis: A top-level module has not been specified for the mixed language design.
Verilog design file = pll_px_clk.v
VHDL library = work
VHDL design file = ../ffd.vhd
VHDL library = work
VHDL design file = ../generador_caracteres.vhd
VHDL library = work
VHDL design file = ../posicion_txt.vhd
VHDL library = work
VHDL design file = ../salida_pantalla.vhd
VHDL library = work
VHDL design file = ../sincronismo_vga.vhd
VHDL library = work
VHDL design file = ../tabla_caraceteres.vhd
VHDL library = work
VHDL design file = ../top.vhd
VHDL library = work
VHDL design file = ../reloj.vhd
-sdc option: SDC file input not used.
-vh2008

Technology check ok...

Analyzing Verilog file C:/lscc/iCEcube2.2020.12/LSE/userware/NT/SYNTHESIS_HEADERS/machxo2.v. VERI-1482
Analyzing Verilog file C:/lscc/iCEcube2.2020.12/LSE/userware/NT/SYNTHESIS_HEADERS/sb_ice40.v. VERI-1482
Compile design.
Compile Design Begin
WARNING - synthesis: C:/lscc/iCEcube2.2020.12/LSE/userware/NT/SYNTHESIS_HEADERS/sb_ice40.v(79): assignment to input EVERI-1214
WARNING - synthesis: C:/lscc/iCEcube2.2020.12/LSE/userware/NT/SYNTHESIS_HEADERS/sb_ice40.v(88): assignment to input EVERI-1214
WARNING - synthesis: C:/lscc/iCEcube2.2020.12/LSE/userware/NT/SYNTHESIS_HEADERS/sb_ice40.v(98): assignment to input EVERI-1214
WARNING - synthesis: C:/lscc/iCEcube2.2020.12/LSE/userware/NT/SYNTHESIS_HEADERS/sb_ice40.v(108): assignment to input EVERI-1214
WARNING - synthesis: C:/lscc/iCEcube2.2020.12/LSE/userware/NT/SYNTHESIS_HEADERS/sb_ice40.v(118): assignment to input EVERI-1214
WARNING - synthesis: C:/lscc/iCEcube2.2020.12/LSE/userware/NT/SYNTHESIS_HEADERS/sb_ice40.v(170): assignment to input EVERI-1214
WARNING - synthesis: C:/lscc/iCEcube2.2020.12/LSE/userware/NT/SYNTHESIS_HEADERS/sb_ice40.v(179): assignment to input EVERI-1214
WARNING - synthesis: C:/lscc/iCEcube2.2020.12/LSE/userware/NT/SYNTHESIS_HEADERS/sb_ice40.v(189): assignment to input EVERI-1214
WARNING - synthesis: C:/lscc/iCEcube2.2020.12/LSE/userware/NT/SYNTHESIS_HEADERS/sb_ice40.v(199): assignment to input EVERI-1214
WARNING - synthesis: C:/lscc/iCEcube2.2020.12/LSE/userware/NT/SYNTHESIS_HEADERS/sb_ice40.v(209): assignment to input EVERI-1214
WARNING - synthesis: C:/lscc/iCEcube2.2020.12/LSE/userware/NT/SYNTHESIS_HEADERS/sb_ice40.v(3725): empty port in module declaration. VERI-1294
Analyzing Verilog file pll_px_clk.v. VERI-1482
Analyzing VHDL file ../ffd.vhd. VHDL-1481
WARNING - synthesis: ../ffd.vhd(4): 'ffd_pkg' is not compiled in library work. VHDL-1240
INFO - synthesis: ../ffd.vhd(6): analyzing package ffd_pkg. VHDL-1014
INFO - synthesis: ../ffd.vhd(22): analyzing entity ffd. VHDL-1012
INFO - synthesis: ../ffd.vhd(34): analyzing architecture solucion. VHDL-1010
Analyzing VHDL file ../generador_caracteres.vhd. VHDL-1481
INFO - synthesis: ../generador_caracteres.vhd(6): analyzing entity generador_caracteres. VHDL-1012
INFO - synthesis: ../generador_caracteres.vhd(19): analyzing architecture solucion. VHDL-1010
Analyzing VHDL file ../posicion_txt.vhd. VHDL-1481
INFO - synthesis: ../posicion_txt.vhd(8): analyzing entity posicion_txt. VHDL-1012
INFO - synthesis: ../posicion_txt.vhd(20): analyzing architecture solucion. VHDL-1010
Analyzing VHDL file ../salida_pantalla.vhd. VHDL-1481
INFO - synthesis: ../salida_pantalla.vhd(6): analyzing entity salida_pantalla. VHDL-1012
INFO - synthesis: ../salida_pantalla.vhd(22): analyzing architecture solucion. VHDL-1010
Analyzing VHDL file ../sincronismo_vga.vhd. VHDL-1481
INFO - synthesis: ../sincronismo_vga.vhd(7): analyzing entity sincronismo_vga. VHDL-1012
INFO - synthesis: ../sincronismo_vga.vhd(20): analyzing architecture solucion. VHDL-1010
Analyzing VHDL file ../tabla_caraceteres.vhd. VHDL-1481
INFO - synthesis: ../tabla_caraceteres.vhd(6): analyzing entity tabla_caracteres. VHDL-1012
INFO - synthesis: ../tabla_caraceteres.vhd(12): analyzing architecture solucion. VHDL-1010
Analyzing VHDL file ../top.vhd. VHDL-1481
INFO - synthesis: ../top.vhd(6): analyzing entity top. VHDL-1012
INFO - synthesis: ../top.vhd(17): analyzing architecture solucion. VHDL-1010
Analyzing VHDL file ../reloj.vhd. VHDL-1481
INFO - synthesis: ../reloj.vhd(6): analyzing entity reloj. VHDL-1012
INFO - synthesis: ../reloj.vhd(23): analyzing architecture solucion. VHDL-1010
WARNING - synthesis: Setting top as the top-level module. To specify the top-level module explicitly, use the -top option.
INFO - synthesis: The default VHDL library search path is now "C:/Users/Labtel/Documents/eii/Avila Jesus/proyecto_e2/proyecto_e2". VHDL-1504
Top module language type = VHDL.
unit top is not yet analyzed. VHDL-1485
../top.vhd(6): executing top(solucion)

WARNING - synthesis: ../top.vhd(117): using initial value "U" for d_mes since it is never assigned. VHDL-1303
WARNING - synthesis: ../top.vhd(118): using initial value "UUUU" for u_mes since it is never assigned. VHDL-1303
WARNING - synthesis: ../top.vhd(119): using initial value "UU" for d_dia since it is never assigned. VHDL-1303
WARNING - synthesis: ../top.vhd(120): using initial value "UUUU" for u_dia since it is never assigned. VHDL-1303
WARNING - synthesis: ../top.vhd(121): using initial value "UU" for d_hora since it is never assigned. VHDL-1303
WARNING - synthesis: ../top.vhd(122): using initial value "UUUU" for u_hora since it is never assigned. VHDL-1303
WARNING - synthesis: ../top.vhd(123): using initial value "UUU" for d_min since it is never assigned. VHDL-1303
WARNING - synthesis: ../top.vhd(124): using initial value "UUUU" for u_min since it is never assigned. VHDL-1303
WARNING - synthesis: ../top.vhd(142): using initial value 'U' for mas since it is never assigned. VHDL-1303
WARNING - synthesis: ../top.vhd(143): using initial value 'U' for menos since it is never assigned. VHDL-1303
WARNING - synthesis: ../top.vhd(151): using initial value "UUUU" for a_d since it is never assigned. VHDL-1303
INFO - synthesis: ../top.vhd(172): going to verilog side to elaborate module pll_px_clk. VHDL-1399
INFO - synthesis: ../top.vhd(172): back to VHDL to continue elaboration. VHDL-1400
WARNING - synthesis: ../top.vhd(15): replacing existing netlist top(solucion). VHDL-1205
Top module name (VHDL, mixed language): top
Loading NGL library 'C:/lscc/iCEcube2.2020.12/LSE/xo2c00/data/xo2clib.ngl'...
Loading NGL library 'C:/lscc/iCEcube2.2020.12/LSE/or5g00/data/orc5glib.ngl'...
Top-level module name = top.
WARNING - synthesis: Initial value found on net u_min_out[3] will be ignored due to unrecognized driver type
WARNING - synthesis: Initial value found on net u_min_out[2] will be ignored due to unrecognized driver type
WARNING - synthesis: Initial value found on net u_min_out[1] will be ignored due to unrecognized driver type
WARNING - synthesis: Initial value found on net u_min_out[0] will be ignored due to unrecognized driver type
WARNING - synthesis: ../top.vhd(161): Removing unused instance mem_a. VDB-5034
WARNING - synthesis: ../top.vhd(188): Removing unused instance relo. VDB-5034



Applying 1.000000 MHz constraint to all clocks

Writing scf file : proyecto_e2_Implmnt/proyecto_e2.scf

Results of NGD DRC are available in top_drc.log.

################### Begin Area Report (top)######################
Number of register bits => 52 of 3520 (1 % )
SB_CARRY => 49
SB_DFFESR => 10
SB_DFFSR => 25
SB_DFFSS => 17
SB_IO => 5
SB_LUT4 => 196
SB_PLL40_CORE => 1
################### End Area Report ##################

################### Begin Clock Report ######################
Clock Nets
Number of Clocks: 1
  Net : pll/p_clk, loads : 53
Clock Enable Nets
Number of Clock Enables: 0
Top 0 highest fanout Clock Enables:
Highest fanout non-clock nets
Top 10 highest fanout non-clock nets:
  Net : n1228, loads : 32
  Net : sincronismo/columna_4, loads : 28
  Net : sincronismo/char_code_3, loads : 25
  Net : sincronismo/columna_5, loads : 23
  Net : sincronismo/n1202, loads : 21
  Net : sincronismo/char_code_2, loads : 19
  Net : sincronismo/linea_7, loads : 15
  Net : tabla/n1597, loads : 15
  Net : sincronismo/linea_4, loads : 14
  Net : sincronismo/columna_7, loads : 13
################### End Clock Report ##################

Timing Report Summary
--------------
--------------------------------------------------------------------------------
Constraint                              |   Constraint|       Actual|Levels
--------------------------------------------------------------------------------
                                        |             |             |
create_clock -period 1000.000000 -name  |             |             |
clk0 [get_nets p_clk]                   |            -|            -|     0  
                                        |             |             |
--------------------------------------------------------------------------------


All constraints were met.


Peak Memory Usage: 80.305  MB

--------------------------------------------------------------
Elapsed CPU time for LSE flow : 2.938  secs
--------------------------------------------------------------
